<?xml version="1.0" encoding="UTF-8"?>
<!-- Generated by org.testng.reporters.JUnitXMLReporter -->
<testsuite ignored="0" hostname="Vaibhavs-MacBook-Air.local" failures="1" tests="2" name="Validate Login Test" time="33.783" errors="0" timestamp="2025-05-23T17:02:39 IST">
  <testcase classname="Automation.Tests.ValidateLoginTest" name="InvalidLogin" time="5.453">
    <failure type="java.lang.AssertionError" message="expected [true] but found [false]">
      <![CDATA[java.lang.AssertionError: expected [true] but found [false]
at Automation.Tests.ValidateLoginTest.InvalidLogin(ValidateLoginTest.java:62)
at java.base/java.util.ArrayList.forEach(ArrayList.java:1597)
at java.base/java.util.concurrent.FutureTask.run(FutureTask.java:317)
at java.base/java.util.concurrent.ThreadPoolExecutor.runWorker(ThreadPoolExecutor.java:1144)
at java.base/java.util.concurrent.ThreadPoolExecutor$Worker.run(ThreadPoolExecutor.java:642)
at java.base/java.lang.Thread.run(Thread.java:1570)
... Removed 19 stack frames]]>
    </failure>
  </testcase> <!-- InvalidLogin -->
  <testcase classname="Automation.Tests.ValidateLoginTest" name="ValidLogin" time="7.232"/>
</testsuite> <!-- Validate Login Test -->
